# JRE version: OpenJDK Runtime Environment (11.0.9.1+1) (build 11.0.9.1+1-Ubuntu-0ubuntu1.20.04)
# Java VM: OpenJDK 64-Bit Server VM (11.0.9.1+1-Ubuntu-0ubuntu1.20.04, mixed mode, sharing, tiered, compressed oops, g1 gc, linux-amd64)
Heap:
 garbage-first heap   total 265216K, used 138055K [0x0000000080000000, 0x0000000100000000)
  region size 1024K, 38 young (38912K), 1 survivors (1024K)
 Metaspace       used 13418K, capacity 14001K, committed 14208K, reserved 1062912K
  class space    used 1052K, capacity 1293K, committed 1408K, reserved 1048576K
GC Heap History (20 events):
Event: 471,072 GC heap before
{Heap before GC invocations=740 (full 0):
 garbage-first heap   total 265216K, used 230215K [0x0000000080000000, 0x0000000100000000)
  region size 1024K, 127 young (130048K), 1 survivors (1024K)
 Metaspace       used 13418K, capacity 14001K, committed 14208K, reserved 1062912K
  class space    used 1052K, capacity 1293K, committed 1408K, reserved 1048576K
}
Event: 471,074 GC heap after
{Heap after GC invocations=741 (full 0):
 garbage-first heap   total 265216K, used 101191K [0x0000000080000000, 0x0000000100000000)
  region size 1024K, 1 young (1024K), 1 survivors (1024K)
 Metaspace       used 13418K, capacity 14001K, committed 14208K, reserved 1062912K
  class space    used 1052K, capacity 1293K, committed 1408K, reserved 1048576K
}
Event: 471,494 GC heap before
{Heap before GC invocations=741 (full 0):
 garbage-first heap   total 265216K, used 231239K [0x0000000080000000, 0x0000000100000000)
  region size 1024K, 128 young (131072K), 1 survivors (1024K)
 Metaspace       used 13418K, capacity 14001K, committed 14208K, reserved 1062912K
  class space    used 1052K, capacity 1293K, committed 1408K, reserved 1048576K
}
Event: 471,496 GC heap after
{Heap after GC invocations=742 (full 0):
 garbage-first heap   total 265216K, used 101189K [0x0000000080000000, 0x0000000100000000)
  region size 1024K, 1 young (1024K), 1 survivors (1024K)
 Metaspace       used 13418K, capacity 14001K, committed 14208K, reserved 1062912K
  class space    used 1052K, capacity 1293K, committed 1408K, reserved 1048576K
}
Event: 471,953 GC heap before
{Heap before GC invocations=742 (full 0):
 garbage-first heap   total 265216K, used 231237K [0x0000000080000000, 0x0000000100000000)
  region size 1024K, 128 young (131072K), 1 survivors (1024K)
 Metaspace       used 13418K, capacity 14001K, committed 14208K, reserved 1062912K
  class space    used 1052K, capacity 1293K, committed 1408K, reserved 1048576K
}
Event: 471,956 GC heap after
{Heap after GC invocations=743 (full 0):
 garbage-first heap   total 265216K, used 101191K [0x0000000080000000, 0x0000000100000000)
  region size 1024K, 1 young (1024K), 1 survivors (1024K)
 Metaspace       used 13418K, capacity 14001K, committed 14208K, reserved 1062912K
  class space    used 1052K, capacity 1293K, committed 1408K, reserved 1048576K
}
Event: 472,385 GC heap before
{Heap before GC invocations=743 (full 0):
 garbage-first heap   total 265216K, used 232263K [0x0000000080000000, 0x0000000100000000)
  region size 1024K, 129 young (132096K), 1 survivors (1024K)
 Metaspace       used 13418K, capacity 14001K, committed 14208K, reserved 1062912K
  class space    used 1052K, capacity 1293K, committed 1408K, reserved 1048576K
}
Event: 472,388 GC heap after
{Heap after GC invocations=744 (full 0):
 garbage-first heap   total 265216K, used 101191K [0x0000000080000000, 0x0000000100000000)
  region size 1024K, 1 young (1024K), 1 survivors (1024K)
 Metaspace       used 13418K, capacity 14001K, committed 14208K, reserved 1062912K
  class space    used 1052K, capacity 1293K, committed 1408K, reserved 1048576K
}
Event: 472,846 GC heap before
{Heap before GC invocations=744 (full 0):
 garbage-first heap   total 265216K, used 232263K [0x0000000080000000, 0x0000000100000000)
  region size 1024K, 129 young (132096K), 1 survivors (1024K)
 Metaspace       used 13418K, capacity 14001K, committed 14208K, reserved 1062912K
  class space    used 1052K, capacity 1293K, committed 1408K, reserved 1048576K
}
Event: 472,848 GC heap after
{Heap after GC invocations=745 (full 0):
 garbage-first heap   total 265216K, used 101193K [0x0000000080000000, 0x0000000100000000)
  region size 1024K, 1 young (1024K), 1 survivors (1024K)
 Metaspace       used 13418K, capacity 14001K, committed 14208K, reserved 1062912K
  class space    used 1052K, capacity 1293K, committed 1408K, reserved 1048576K
}
Event: 473,289 GC heap before
{Heap before GC invocations=745 (full 0):
 garbage-first heap   total 265216K, used 233289K [0x0000000080000000, 0x0000000100000000)
  region size 1024K, 130 young (133120K), 1 survivors (1024K)
 Metaspace       used 13418K, capacity 14001K, committed 14208K, reserved 1062912K
  class space    used 1052K, capacity 1293K, committed 1408K, reserved 1048576K
}
Event: 473,290 GC heap after
{Heap after GC invocations=746 (full 0):
 garbage-first heap   total 265216K, used 101193K [0x0000000080000000, 0x0000000100000000)
  region size 1024K, 1 young (1024K), 1 survivors (1024K)
 Metaspace       used 13418K, capacity 14001K, committed 14208K, reserved 1062912K
  class space    used 1052K, capacity 1293K, committed 1408K, reserved 1048576K
}
Event: 473,742 GC heap before
{Heap before GC invocations=746 (full 0):
 garbage-first heap   total 265216K, used 233289K [0x0000000080000000, 0x0000000100000000)
  region size 1024K, 130 young (133120K), 1 survivors (1024K)
 Metaspace       used 13418K, capacity 14001K, committed 14208K, reserved 1062912K
  class space    used 1052K, capacity 1293K, committed 1408K, reserved 1048576K
}
Event: 473,747 GC heap after
{Heap after GC invocations=747 (full 0):
 garbage-first heap   total 265216K, used 101191K [0x0000000080000000, 0x0000000100000000)
  region size 1024K, 1 young (1024K), 1 survivors (1024K)
 Metaspace       used 13418K, capacity 14001K, committed 14208K, reserved 1062912K
  class space    used 1052K, capacity 1293K, committed 1408K, reserved 1048576K
}
Event: 474,187 GC heap before
{Heap before GC invocations=747 (full 0):
 garbage-first heap   total 265216K, used 233287K [0x0000000080000000, 0x0000000100000000)
  region size 1024K, 130 young (133120K), 1 survivors (1024K)
 Metaspace       used 13418K, capacity 14001K, committed 14208K, reserved 1062912K
  class space    used 1052K, capacity 1293K, committed 1408K, reserved 1048576K
}
Event: 474,189 GC heap after
{Heap after GC invocations=748 (full 0):
 garbage-first heap   total 265216K, used 101191K [0x0000000080000000, 0x0000000100000000)
  region size 1024K, 1 young (1024K), 1 survivors (1024K)
 Metaspace       used 13418K, capacity 14001K, committed 14208K, reserved 1062912K
  class space    used 1052K, capacity 1293K, committed 1408K, reserved 1048576K
}
Event: 474,615 GC heap before
{Heap before GC invocations=748 (full 0):
 garbage-first heap   total 265216K, used 233287K [0x0000000080000000, 0x0000000100000000)
  region size 1024K, 130 young (133120K), 1 survivors (1024K)
 Metaspace       used 13418K, capacity 14001K, committed 14208K, reserved 1062912K
  class space    used 1052K, capacity 1293K, committed 1408K, reserved 1048576K
}
Event: 474,617 GC heap after
{Heap after GC invocations=749 (full 0):
 garbage-first heap   total 265216K, used 101191K [0x0000000080000000, 0x0000000100000000)
  region size 1024K, 1 young (1024K), 1 survivors (1024K)
 Metaspace       used 13418K, capacity 14001K, committed 14208K, reserved 1062912K
  class space    used 1052K, capacity 1293K, committed 1408K, reserved 1048576K
}
Event: 475,069 GC heap before
{Heap before GC invocations=749 (full 0):
 garbage-first heap   total 265216K, used 234311K [0x0000000080000000, 0x0000000100000000)
  region size 1024K, 131 young (134144K), 1 survivors (1024K)
 Metaspace       used 13418K, capacity 14001K, committed 14208K, reserved 1062912K
  class space    used 1052K, capacity 1293K, committed 1408K, reserved 1048576K
}
Event: 475,071 GC heap after
{Heap after GC invocations=750 (full 0):
 garbage-first heap   total 265216K, used 101191K [0x0000000080000000, 0x0000000100000000)
  region size 1024K, 1 young (1024K), 1 survivors (1024K)
 Metaspace       used 13418K, capacity 14001K, committed 14208K, reserved 1062912K
  class space    used 1052K, capacity 1293K, committed 1408K, reserved 1048576K
}

