# JRE version: Java(TM) SE Runtime Environment (8.0_251-b08) (build 1.8.0_251-b08)
# Java VM: Java HotSpot(TM) 64-Bit Server VM (25.251-b08 mixed mode windows-amd64 compressed oops)
Heap:
 PSYoungGen      total 29184K, used 19260K [0x00000000eab00000, 0x00000000ed100000, 0x0000000100000000)
  eden space 21504K, 54% used [0x00000000eab00000,0x00000000eb658bb8,0x00000000ec000000)
  from space 7680K, 99% used [0x00000000ec980000,0x00000000ed0f6468,0x00000000ed100000)
  to   space 8192K, 0% used [0x00000000ec100000,0x00000000ec100000,0x00000000ec900000)
 ParOldGen       total 68608K, used 21584K [0x00000000c0000000, 0x00000000c4300000, 0x00000000eab00000)
  object space 68608K, 31% used [0x00000000c0000000,0x00000000c1514138,0x00000000c4300000)
 Metaspace       used 42590K, capacity 45032K, committed 45312K, reserved 1089536K
  class space    used 4511K, capacity 5299K, committed 5376K, reserved 1048576K
GC Heap History (10 events):
Event: 43.721 GC heap before
{Heap before GC invocations=10 (full 2):
 PSYoungGen      total 31744K, used 9306K [0x00000000eab00000, 0x00000000ed480000, 0x0000000100000000)
  eden space 22016K, 0% used [0x00000000eab00000,0x00000000eab00000,0x00000000ec080000)
  from space 9728K, 95% used [0x00000000ecb00000,0x00000000ed416930,0x00000000ed480000)
  to   space 9728K, 0% used [0x00000000ec180000,0x00000000ec180000,0x00000000ecb00000)
 ParOldGen       total 68608K, used 19048K [0x00000000c0000000, 0x00000000c4300000, 0x00000000eab00000)
  object space 68608K, 27% used [0x00000000c0000000,0x00000000c129a1c0,0x00000000c4300000)
 Metaspace       used 33313K, capacity 35366K, committed 35496K, reserved 1081344K
  class space    used 3681K, capacity 4304K, committed 4352K, reserved 1048576K
Event: 44.097 GC heap after
Heap after GC invocations=10 (full 2):
 PSYoungGen      total 31744K, used 0K [0x00000000eab00000, 0x00000000ed480000, 0x0000000100000000)
  eden space 22016K, 0% used [0x00000000eab00000,0x00000000eab00000,0x00000000ec080000)
  from space 9728K, 0% used [0x00000000ecb00000,0x00000000ecb00000,0x00000000ed480000)
  to   space 9728K, 0% used [0x00000000ec180000,0x00000000ec180000,0x00000000ecb00000)
 ParOldGen       total 68608K, used 16956K [0x00000000c0000000, 0x00000000c4300000, 0x00000000eab00000)
  object space 68608K, 24% used [0x00000000c0000000,0x00000000c108f290,0x00000000c4300000)
 Metaspace       used 33313K, capacity 35366K, committed 35496K, reserved 1081344K
  class space    used 3681K, capacity 4304K, committed 4352K, reserved 1048576K
}
Event: 50.401 GC heap before
{Heap before GC invocations=11 (full 2):
 PSYoungGen      total 31744K, used 22016K [0x00000000eab00000, 0x00000000ed480000, 0x0000000100000000)
  eden space 22016K, 100% used [0x00000000eab00000,0x00000000ec080000,0x00000000ec080000)
  from space 9728K, 0% used [0x00000000ecb00000,0x00000000ecb00000,0x00000000ed480000)
  to   space 9728K, 0% used [0x00000000ec180000,0x00000000ec180000,0x00000000ecb00000)
 ParOldGen       total 68608K, used 16956K [0x00000000c0000000, 0x00000000c4300000, 0x00000000eab00000)
  object space 68608K, 24% used [0x00000000c0000000,0x00000000c108f290,0x00000000c4300000)
 Metaspace       used 36098K, capacity 38308K, committed 38528K, reserved 1083392K
  class space    used 3989K, capacity 4709K, committed 4736K, reserved 1048576K
Event: 50.427 GC heap after
Heap after GC invocations=11 (full 2):
 PSYoungGen      total 27136K, used 5526K [0x00000000eab00000, 0x00000000ece00000, 0x0000000100000000)
  eden space 21504K, 0% used [0x00000000eab00000,0x00000000eab00000,0x00000000ec000000)
  from space 5632K, 98% used [0x00000000ec180000,0x00000000ec6e5a60,0x00000000ec700000)
  to   space 7168K, 0% used [0x00000000ec700000,0x00000000ec700000,0x00000000ece00000)
 ParOldGen       total 68608K, used 16964K [0x00000000c0000000, 0x00000000c4300000, 0x00000000eab00000)
  object space 68608K, 24% used [0x00000000c0000000,0x00000000c1091290,0x00000000c4300000)
 Metaspace       used 36098K, capacity 38308K, committed 38528K, reserved 1083392K
  class space    used 3989K, capacity 4709K, committed 4736K, reserved 1048576K
}
Event: 52.257 GC heap before
{Heap before GC invocations=12 (full 2):
 PSYoungGen      total 27136K, used 27030K [0x00000000eab00000, 0x00000000ece00000, 0x0000000100000000)
  eden space 21504K, 100% used [0x00000000eab00000,0x00000000ec000000,0x00000000ec000000)
  from space 5632K, 98% used [0x00000000ec180000,0x00000000ec6e5a60,0x00000000ec700000)
  to   space 7168K, 0% used [0x00000000ec700000,0x00000000ec700000,0x00000000ece00000)
 ParOldGen       total 68608K, used 16964K [0x00000000c0000000, 0x00000000c4300000, 0x00000000eab00000)
  object space 68608K, 24% used [0x00000000c0000000,0x00000000c1091290,0x00000000c4300000)
 Metaspace       used 36427K, capacity 38670K, committed 38912K, reserved 1083392K
  class space    used 4020K, capacity 4785K, committed 4864K, reserved 1048576K
Event: 52.289 GC heap after
Heap after GC invocations=12 (full 2):
 PSYoungGen      total 28160K, used 6285K [0x00000000eab00000, 0x00000000ecd80000, 0x0000000100000000)
  eden space 21504K, 0% used [0x00000000eab00000,0x00000000eab00000,0x00000000ec000000)
  from space 6656K, 94% used [0x00000000ec700000,0x00000000ecd23528,0x00000000ecd80000)
  to   space 6656K, 0% used [0x00000000ec080000,0x00000000ec080000,0x00000000ec700000)
 ParOldGen       total 68608K, used 16972K [0x00000000c0000000, 0x00000000c4300000, 0x00000000eab00000)
  object space 68608K, 24% used [0x00000000c0000000,0x00000000c1093290,0x00000000c4300000)
 Metaspace       used 36427K, capacity 38670K, committed 38912K, reserved 1083392K
  class space    used 4020K, capacity 4785K, committed 4864K, reserved 1048576K
}
Event: 56.257 GC heap before
{Heap before GC invocations=13 (full 2):
 PSYoungGen      total 28160K, used 27789K [0x00000000eab00000, 0x00000000ecd80000, 0x0000000100000000)
  eden space 21504K, 100% used [0x00000000eab00000,0x00000000ec000000,0x00000000ec000000)
  from space 6656K, 94% used [0x00000000ec700000,0x00000000ecd23528,0x00000000ecd80000)
  to   space 6656K, 0% used [0x00000000ec080000,0x00000000ec080000,0x00000000ec700000)
 ParOldGen       total 68608K, used 16972K [0x00000000c0000000, 0x00000000c4300000, 0x00000000eab00000)
  object space 68608K, 24% used [0x00000000c0000000,0x00000000c1093290,0x00000000c4300000)
 Metaspace       used 39552K, capacity 41830K, committed 42112K, reserved 1087488K
  class space    used 4255K, capacity 4981K, committed 4992K, reserved 1048576K
Event: 56.276 GC heap after
Heap after GC invocations=13 (full 2):
 PSYoungGen      total 28160K, used 6628K [0x00000000eab00000, 0x00000000ed300000, 0x0000000100000000)
  eden space 21504K, 0% used [0x00000000eab00000,0x00000000eab00000,0x00000000ec000000)
  from space 6656K, 99% used [0x00000000ec080000,0x00000000ec6f9328,0x00000000ec700000)
  to   space 9728K, 0% used [0x00000000ec980000,0x00000000ec980000,0x00000000ed300000)
 ParOldGen       total 68608K, used 19483K [0x00000000c0000000, 0x00000000c4300000, 0x00000000eab00000)
  object space 68608K, 28% used [0x00000000c0000000,0x00000000c1306df0,0x00000000c4300000)
 Metaspace       used 39552K, capacity 41830K, committed 42112K, reserved 1087488K
  class space    used 4255K, capacity 4981K, committed 4992K, reserved 1048576K
}
Event: 60.801 GC heap before
{Heap before GC invocations=14 (full 2):
 PSYoungGen      total 28160K, used 28132K [0x00000000eab00000, 0x00000000ed300000, 0x0000000100000000)
  eden space 21504K, 100% used [0x00000000eab00000,0x00000000ec000000,0x00000000ec000000)
  from space 6656K, 99% used [0x00000000ec080000,0x00000000ec6f9328,0x00000000ec700000)
  to   space 9728K, 0% used [0x00000000ec980000,0x00000000ec980000,0x00000000ed300000)
 ParOldGen       total 68608K, used 19483K [0x00000000c0000000, 0x00000000c4300000, 0x00000000eab00000)
  object space 68608K, 28% used [0x00000000c0000000,0x00000000c1306df0,0x00000000c4300000)
 Metaspace       used 41630K, capacity 44096K, committed 44160K, reserved 1087488K
  class space    used 4426K, capacity 5200K, committed 5248K, reserved 1048576K
Event: 60.861 GC heap after
Heap after GC invocations=14 (full 2):
 PSYoungGen      total 29184K, used 7641K [0x00000000eab00000, 0x00000000ed100000, 0x0000000100000000)
  eden space 21504K, 0% used [0x00000000eab00000,0x00000000eab00000,0x00000000ec000000)
  from space 7680K, 99% used [0x00000000ec980000,0x00000000ed0f6468,0x00000000ed100000)
  to   space 8192K, 0% used [0x00000000ec100000,0x00000000ec100000,0x00000000ec900000)
 ParOldGen       total 68608K, used 21584K [0x00000000c0000000, 0x00000000c4300000, 0x00000000eab00000)
  object space 68608K, 31% used [0x00000000c0000000,0x00000000c1514138,0x00000000c4300000)
 Metaspace       used 41630K, capacity 44096K, committed 44160K, reserved 1087488K
  class space    used 4426K, capacity 5200K, committed 5248K, reserved 1048576K
}

